2023-10-04 15:46:17 [info] 데이터베이스에서 목록을 성공적으로 가져옴
2023-10-04 15:48:53 [info] DB 연결 성공
2023-10-04 15:48:53 [info] http://localhost:8080 에서 서버 실행 중
2023-10-04 15:48:59 [info] DB 연결 성공
2023-10-04 15:48:59 [info] http://localhost:8080 에서 서버 실행 중
2023-10-04 15:49:01 [info] DB 연결 성공
2023-10-04 15:49:01 [info] http://localhost:8080 에서 서버 실행 중
2023-10-04 15:49:13 [info] DB 연결 성공
2023-10-04 15:49:13 [info] http://localhost:8080 에서 서버 실행 중
2023-10-04 15:49:16 [info] DB 연결 성공
2023-10-04 15:49:16 [info] http://localhost:8080 에서 서버 실행 중
2023-10-04 15:49:16 [info] DB 연결 성공
2023-10-04 15:49:16 [info] http://localhost:8080 에서 서버 실행 중
2023-10-04 15:49:25 [info] DB 연결 성공
2023-10-04 15:49:25 [info] http://localhost:8080 에서 서버 실행 중
2023-10-04 15:49:29 [info] DB 연결 성공
2023-10-04 15:49:29 [info] http://localhost:8080 에서 서버 실행 중
2023-10-04 15:49:30 [info] DB 연결 성공
2023-10-04 15:49:30 [info] http://localhost:8080 에서 서버 실행 중
2023-10-04 15:53:29 [info] DB 연결 성공
2023-10-04 15:53:29 [info] http://localhost:8080 에서 서버 실행 중
2023-10-04 15:53:33 [info] DB 연결 성공
2023-10-04 15:53:33 [info] http://localhost:8080 에서 서버 실행 중
2023-10-04 15:53:37 [info] DB 연결 성공
2023-10-04 15:53:37 [info] http://localhost:8080 에서 서버 실행 중
2023-10-04 15:54:58 [info] DB 연결 성공
2023-10-04 15:54:58 [info] http://localhost:8080 에서 서버 실행 중
2023-10-04 15:55:02 [info] DB 연결 성공
2023-10-04 15:55:02 [info] http://localhost:8080 에서 서버 실행 중
2023-10-04 15:56:31 [info] DB 연결 성공
2023-10-04 15:56:31 [info] http://localhost:8080 에서 서버 실행 중
2023-10-04 15:56:54 [info] DB 연결 성공
2023-10-04 15:56:54 [info] http://localhost:8080 에서 서버 실행 중
2023-10-04 15:56:59 [info] DB 연결 성공
2023-10-04 15:56:59 [info] http://localhost:8080 에서 서버 실행 중
2023-10-04 15:57:02 [info] DB 연결 성공
2023-10-04 15:57:02 [info] http://localhost:8080 에서 서버 실행 중
2023-10-04 16:00:01 [info] DB 연결 성공
2023-10-04 16:00:01 [info] http://localhost:8080 에서 서버 실행 중
2023-10-04 16:00:02 [info] 접속한 IP 주소: ::1
2023-10-04 16:00:02 [info] 접속한 IP 주소: ::1
2023-10-04 16:00:03 [info] 접속한 IP 주소: ::1
2023-10-04 16:01:08 [info] 접속한 IP 주소: ::1
2023-10-04 16:01:11 [info] 접속한 IP 주소: ::1
2023-10-04 16:01:26 [info] 접속한 IP 주소: ::1
2023-10-04 16:01:27 [info] 접속한 IP 주소: ::1
2023-10-04 16:01:27 [info] 접속한 IP 주소: ::1
2023-10-04 16:01:27 [info] 접속한 IP 주소: ::1
2023-10-04 16:01:27 [info] 접속한 IP 주소: ::1
2023-10-04 16:01:28 [info] 접속한 IP 주소: ::1
2023-10-04 17:05:10 [info] 접속한 IP 주소: ::1
2023-10-04 17:05:12 [info] 접속한 IP 주소: ::1
2023-10-04 17:05:51 [info] 접속한 IP 주소: ::1
2023-10-04 17:05:52 [info] 접속한 IP 주소: ::1
2023-10-04 17:05:52 [info] 접속한 IP 주소: ::1
2023-10-04 17:05:52 [info] 접속한 IP 주소: ::1
2023-10-04 17:05:52 [info] 접속한 IP 주소: ::1
2023-10-04 17:06:12 [info] 접속한 IP 주소: ::1
2023-10-04 17:06:12 [info] 접속한 IP 주소: ::1
2023-10-04 17:06:12 [info] 접속한 IP 주소: ::1
2023-10-04 17:06:12 [info] 접속한 IP 주소: ::1
2023-10-04 17:06:13 [info] 접속한 IP 주소: ::1
2023-10-04 17:06:13 [info] 접속한 IP 주소: ::1
2023-10-04 17:06:14 [info] 접속한 IP 주소: ::1
2023-10-04 17:06:15 [info] 접속한 IP 주소: ::1
2023-10-04 17:06:15 [info] 접속한 IP 주소: ::1
2023-10-04 17:06:15 [info] 접속한 IP 주소: ::1
2023-10-04 17:06:22 [info] 접속한 IP 주소: ::1
2023-10-04 17:06:23 [info] 접속한 IP 주소: ::1
2023-10-04 17:06:23 [info] 접속한 IP 주소: ::1
2023-10-04 17:06:23 [info] 접속한 IP 주소: ::1
2023-10-04 17:06:23 [info] 접속한 IP 주소: ::1
2023-10-04 17:06:24 [info] 접속한 IP 주소: ::1
2023-10-04 17:06:24 [info] 접속한 IP 주소: ::1
2023-10-04 17:06:24 [info] 접속한 IP 주소: ::1
2023-10-04 17:06:24 [info] 접속한 IP 주소: ::1
2023-10-04 17:06:24 [info] 접속한 IP 주소: ::1
2023-10-04 17:06:25 [info] 접속한 IP 주소: ::1
2023-10-04 17:07:16 [info] 접속한 IP 주소: ::1
2023-10-04 17:07:17 [info] 접속한 IP 주소: ::1
2023-10-04 17:07:17 [info] 접속한 IP 주소: ::1
2023-10-04 17:07:17 [info] 접속한 IP 주소: ::1
2023-10-04 17:07:17 [info] 접속한 IP 주소: ::1
2023-10-04 17:07:19 [info] 접속한 IP 주소: ::1
2023-10-04 17:07:58 [info] 접속한 IP 주소: ::1
2023-10-04 17:07:58 [info] 접속한 IP 주소: ::1
2023-10-04 17:07:58 [info] 접속한 IP 주소: ::1
2023-10-04 17:07:59 [info] 접속한 IP 주소: ::1
2023-10-04 17:07:59 [info] 접속한 IP 주소: ::1
2023-10-04 17:08:00 [info] 접속한 IP 주소: ::1
2023-10-04 17:08:43 [info] 접속한 IP 주소: ::1
2023-10-04 17:08:43 [info] 접속한 IP 주소: ::1
2023-10-04 17:08:47 [info] 접속한 IP 주소: ::1
2023-10-04 17:08:47 [info] 접속한 IP 주소: ::1
2023-10-04 17:08:47 [info] 데이터베이스에서 목록을 성공적으로 가져옴
2023-10-04 17:09:17 [info] 접속한 IP 주소: ::1
2023-10-04 17:09:17 [info] 데이터베이스에서 목록을 성공적으로 가져옴
2023-10-04 17:09:19 [info] 접속한 IP 주소: ::1
2023-10-04 17:09:19 [info] 데이터베이스에서 목록을 성공적으로 가져옴
2023-10-04 17:09:20 [info] 접속한 IP 주소: ::1
2023-10-04 17:09:21 [info] 접속한 IP 주소: ::1
2023-10-04 17:09:21 [info] 데이터베이스에서 목록을 성공적으로 가져옴
2023-10-04 17:09:22 [info] 접속한 IP 주소: ::1
2023-10-04 17:09:50 [info] 접속한 IP 주소: ::1
2023-10-04 17:09:50 [info] 접속한 IP 주소: ::1
2023-10-04 17:10:15 [info] DB 연결 성공
2023-10-04 17:10:15 [info] http://localhost:8080 에서 서버 실행 중
2023-10-04 17:10:22 [info] DB 연결 성공
2023-10-04 17:10:22 [info] http://localhost:8080 에서 서버 실행 중
2023-10-04 17:10:25 [info] DB 연결 성공
2023-10-04 17:10:25 [info] http://localhost:8080 에서 서버 실행 중
2023-10-04 17:10:25 [info] 접속한 IP 주소: ::1
2023-10-04 17:10:25 [info] 접속한 IP 주소: ::1
2023-10-04 17:10:25 [info] 접속한 IP 주소: ::1
2023-10-04 17:11:32 [info] DB 연결 성공
2023-10-04 17:11:32 [info] http://localhost:8080 에서 서버 실행 중
2023-10-04 17:11:39 [info] DB 연결 성공
2023-10-04 17:11:39 [info] http://localhost:8080 에서 서버 실행 중
2023-10-04 17:11:42 [info] 접속한 IP 주소: ::1
2023-10-04 17:11:42 [info] 접속한 IP 주소: ::1
2023-10-04 17:11:51 [info] 접속한 IP 주소: ::1
2023-10-04 17:13:14 [info] DB 연결 성공
2023-10-04 17:13:14 [info] http://localhost:8080 에서 서버 실행 중
2023-10-04 17:13:18 [info] DB 연결 성공
2023-10-04 17:13:18 [info] http://localhost:8080 에서 서버 실행 중
2023-10-04 17:13:22 [info] DB 연결 성공
2023-10-04 17:13:22 [info] http://localhost:8080 에서 서버 실행 중
2023-10-04 17:13:24 [info] DB 연결 성공
2023-10-04 17:13:24 [info] http://localhost:8080 에서 서버 실행 중
2023-10-04 17:13:25 [info] 접속한 IP 주소: ::1
2023-10-04 17:13:26 [info] 접속한 IP 주소: ::1
2023-10-04 17:13:26 [info] 데이터베이스에서 목록을 성공적으로 가져옴
2023-10-04 17:13:31 [info] 접속한 IP 주소: ::1
2023-10-04 17:13:31 [info] 접속한 IP 주소: ::1
2023-10-04 17:14:50 [info] DB 연결 성공
2023-10-04 17:14:50 [info] http://localhost:8080 에서 서버 실행 중
2023-10-04 17:14:53 [info] DB 연결 성공
2023-10-04 17:14:53 [info] http://localhost:8080 에서 서버 실행 중
2023-10-04 17:14:56 [info] DB 연결 성공
2023-10-04 17:14:56 [info] http://localhost:8080 에서 서버 실행 중
2023-10-04 17:14:57 [info] DB 연결 성공
2023-10-04 17:14:57 [info] http://localhost:8080 에서 서버 실행 중
2023-10-04 17:15:23 [info] DB 연결 성공
2023-10-04 17:15:23 [info] http://localhost:8080 에서 서버 실행 중
2023-10-04 17:15:28 [info] DB 연결 성공
2023-10-04 17:15:28 [info] http://localhost:8080 에서 서버 실행 중
2023-10-04 17:15:29 [info] DB 연결 성공
2023-10-04 17:15:29 [info] http://localhost:8080 에서 서버 실행 중
2023-10-04 17:15:30 [info] DB 연결 성공
2023-10-04 17:15:31 [info] http://localhost:8080 에서 서버 실행 중
2023-10-04 17:15:44 [info] DB 연결 성공
2023-10-04 17:15:44 [info] http://localhost:8080 에서 서버 실행 중
2023-10-04 17:15:49 [info] DB 연결 성공
2023-10-04 17:15:49 [info] http://localhost:8080 에서 서버 실행 중
2023-10-04 17:16:22 [info] DB 연결 성공
2023-10-04 17:16:22 [info] http://localhost:8080 에서 서버 실행 중
2023-10-04 17:16:26 [info] DB 연결 성공
2023-10-04 17:16:26 [info] http://localhost:8080 에서 서버 실행 중
2023-10-04 17:17:27 [info] 접속한 IP 주소: ::1
2023-10-04 17:17:28 [info] 접속한 IP 주소: ::1
2023-10-04 17:17:28 [info] 접속한 IP 주소: ::1
2023-10-04 18:26:39 [error] DB 연결 실패 Invalid scheme, expected connection string to start with "mongodb://" or "mongodb+srv://"
2023-10-04 18:27:11 [info] DB 연결 성공
2023-10-04 18:27:11 [info] http://localhost:8080 에서 서버 실행 중
2023-10-04 18:27:14 [info] 접속한 IP 주소: ::1
2023-10-04 18:27:18 [info] 접속한 IP 주소: ::1
2023-10-04 18:27:26 [info] 접속한 IP 주소: ::1
2023-10-04 18:27:26 [info] 접속한 IP 주소: ::1
2023-10-04 18:27:26 [info] 데이터베이스에서 목록을 성공적으로 가져옴
2023-10-04 18:29:25 [info] 접속한 IP 주소: ::1
2023-10-04 18:29:25 [info] 데이터베이스에서 목록을 성공적으로 가져옴
2023-10-04 18:29:26 [info] 접속한 IP 주소: ::1
2023-10-04 18:29:26 [info] 데이터베이스에서 목록을 성공적으로 가져옴
2023-10-04 18:29:28 [info] 접속한 IP 주소: ::1
2023-10-04 18:29:31 [info] 접속한 IP 주소: ::1
2023-10-04 18:29:31 [info] 접속한 IP 주소: ::1
2023-10-04 18:29:31 [info] 데이터베이스에서 목록을 성공적으로 가져옴
2023-10-04 18:41:50 [error] DB 연결 실패 Invalid scheme, expected connection string to start with "mongodb://" or "mongodb+srv://"
2023-10-04 18:42:16 [error] DB 연결 실패 Invalid scheme, expected connection string to start with "mongodb://" or "mongodb+srv://"
